2023-08-08 15:57:03 [main] WARN  o.s.b.t.j.DuplicateJsonObjectContextCustomizerFactory$DuplicateJsonObjectContextCustomizer - 

Found multiple occurrences of org.json.JSONObject on the class path:

	jar:file:/C:/Users/jiva/.m2/repository/org/json/json/20210307/json-20210307.jar!/org/json/JSONObject.class
	jar:file:/C:/Users/jiva/.m2/repository/com/vaadin/external/google/android-json/0.0.20131108.vaadin1/android-json-0.0.20131108.vaadin1.jar!/org/json/JSONObject.class

You may wish to exclude one of them to ensure predictable runtime behavior

2023-08-08 15:57:03 [main] INFO  c.j.a.JivaApiHandlerApplicationTests - Starting JivaApiHandlerApplicationTests using Java 1.8.0_202 on PAWANK-IT with PID 6664 (started by jiva in D:\Working-Space\jivaEclipseWorkspace\JivaApiHandler)
2023-08-08 15:57:03 [main] INFO  c.j.a.JivaApiHandlerApplicationTests - The following 1 profile is active: "prod"
2023-08-08 15:57:06 [main] WARN  com.zaxxer.hikari.HikariConfig - HikariPool-1 - maxLifetime is less than 30000ms, setting to default 1800000ms.
2023-08-08 15:57:06 [main] INFO  com.zaxxer.hikari.HikariDataSource - HikariPool-1 - Starting...
2023-08-08 15:57:26 [main] INFO  com.zaxxer.hikari.HikariDataSource - HikariPool-1 - Start completed.
2023-08-08 15:57:26 [main] WARN  com.zaxxer.hikari.HikariConfig - HikariPool-2 - maxLifetime is less than 30000ms, setting to default 1800000ms.
2023-08-08 15:57:26 [main] INFO  com.zaxxer.hikari.HikariDataSource - HikariPool-2 - Starting...
2023-08-08 15:57:35 [main] INFO  com.zaxxer.hikari.HikariDataSource - HikariPool-2 - Start completed.
2023-08-08 15:57:35 [main] WARN  com.zaxxer.hikari.HikariConfig - HikariPool-3 - maxLifetime is less than 30000ms, setting to default 1800000ms.
2023-08-08 15:57:35 [main] WARN  com.zaxxer.hikari.HikariConfig - HikariPool-3 - idleTimeout has been set but has no effect because the pool is operating as a fixed size pool.
2023-08-08 15:57:35 [main] INFO  com.zaxxer.hikari.HikariDataSource - HikariPool-3 - Starting...
2023-08-08 15:57:46 [main] INFO  com.zaxxer.hikari.HikariDataSource - HikariPool-3 - Start completed.
2023-08-08 15:57:52 [main] INFO  o.s.b.a.e.web.EndpointLinksResolver - Exposing 14 endpoint(s) beneath base path '/actuator'
2023-08-08 15:57:58 [main] INFO  c.j.a.JivaApiHandlerApplicationTests - Started JivaApiHandlerApplicationTests in 55.727 seconds (JVM running for 57.448)
2023-08-08 15:58:00 [SpringApplicationShutdownHook] INFO  com.zaxxer.hikari.HikariDataSource - HikariPool-3 - Shutdown initiated...
2023-08-08 15:58:00 [SpringApplicationShutdownHook] INFO  com.zaxxer.hikari.HikariDataSource - HikariPool-3 - Shutdown completed.
2023-08-08 15:58:00 [SpringApplicationShutdownHook] INFO  com.zaxxer.hikari.HikariDataSource - HikariPool-2 - Shutdown initiated...
2023-08-08 15:58:00 [SpringApplicationShutdownHook] INFO  com.zaxxer.hikari.HikariDataSource - HikariPool-2 - Shutdown completed.
2023-08-08 15:58:00 [SpringApplicationShutdownHook] INFO  com.zaxxer.hikari.HikariDataSource - HikariPool-1 - Shutdown initiated...
2023-08-08 15:58:00 [SpringApplicationShutdownHook] INFO  com.zaxxer.hikari.HikariDataSource - HikariPool-1 - Shutdown completed.
